<?xml version="1.0" encoding="UTF-8"?>
<!-- Generated by org.testng.reporters.JUnitReportReporter -->
<testsuite hostname="PAPA" failures="0" tests="6" name="testNG.InvocationCountTest" time="0.073" errors="0" timestamp="2023-08-07T10:04:05 IST" skipped="0">
  <testcase classname="testNG.InvocationCountTest" name="demo1" time="0.024">
    <system-out>
      <![CDATA[demo1]]>
    </system-out>
  </testcase> <!-- demo1 -->
  <testcase classname="testNG.InvocationCountTest" name="demo1" time="0.008">
    <system-out>
      <![CDATA[demo1]]>
    </system-out>
  </testcase> <!-- demo1 -->
  <testcase classname="testNG.InvocationCountTest" name="demo1" time="0.004">
    <system-out>
      <![CDATA[demo1]]>
    </system-out>
  </testcase> <!-- demo1 -->
  <testcase classname="testNG.InvocationCountTest" name="demo1" time="0.009">
    <system-out>
      <![CDATA[demo1]]>
    </system-out>
  </testcase> <!-- demo1 -->
  <testcase classname="testNG.InvocationCountTest" name="demo2" time="0.022">
    <system-out>
      <![CDATA[demo2]]>
    </system-out>
  </testcase> <!-- demo2 -->
  <testcase classname="testNG.InvocationCountTest" name="demo1" time="0.006">
    <system-out>
      <![CDATA[demo1]]>
    </system-out>
  </testcase> <!-- demo1 -->
  <system-out>
    <![CDATA[demo1
demo1
demo1
demo1
demo1
demo2]]>
  </system-out>
</testsuite> <!-- testNG.InvocationCountTest -->
