<?xml version="1.0" encoding="UTF-8"?>
<!-- Generated by org.testng.reporters.JUnitReportReporter -->
<testsuite hostname="PAPA" failures="0" tests="1" name="listenersTestng.ActiTimeTest" time="27.129" errors="0" timestamp="2023-08-21T10:01:55 IST" skipped="0">
  <testcase classname="listenersTestng.ActiTimeTest" name="loginTest" time="27.129"/>
</testsuite> <!-- listenersTestng.ActiTimeTest -->
