<?xml version="1.0" encoding="UTF-8"?>
<!-- Generated by org.testng.reporters.JUnitReportReporter -->
<testsuite hostname="PAPA" failures="0" tests="1" name="vtigerFinalScripts.CreateLeadTest" time="15.325" errors="0" timestamp="2023-08-24T09:31:03 IST" skipped="0">
  <testcase classname="vtigerFinalScripts.CreateLeadTest" name="createLeadTest" time="15.325"/>
</testsuite> <!-- vtigerFinalScripts.CreateLeadTest -->
