<?xml version="1.0" encoding="UTF-8"?>
<!-- Generated by org.testng.reporters.JUnitReportReporter -->
<testsuite hostname="PAPA" failures="0" tests="1" name="vtigerFinalScripts.CreateOrgwithTypeAndIndustry" time="34.101" errors="0" timestamp="2023-08-25T21:58:31 IST" skipped="0">
  <testcase classname="vtigerFinalScripts.CreateOrgwithTypeAndIndustry" name="CreateOrgwithIndustryAndTypeTest" time="34.101"/>
</testsuite> <!-- vtigerFinalScripts.CreateOrgwithTypeAndIndustry -->
