<?xml version="1.0" encoding="UTF-8"?>
<!-- Generated by org.testng.reporters.JUnitReportReporter -->
<testsuite hostname="PAPA" failures="0" tests="1" name="vtigerFinalScripts.CreateContactTest" time="16.038" errors="0" timestamp="2023-08-24T08:35:14 IST" skipped="0">
  <testcase classname="vtigerFinalScripts.CreateContactTest" name="createContactTest" time="16.038"/>
</testsuite> <!-- vtigerFinalScripts.CreateContactTest -->
