<?xml version="1.0" encoding="UTF-8"?>
<!-- Generated by org.testng.reporters.JUnitReportReporter -->
<testsuite hostname="PAPA" failures="0" tests="1" name="assertions.WhyNotIfElse" time="0.038" errors="0" timestamp="2023-08-16T08:53:33 IST" skipped="0">
  <testcase classname="assertions.WhyNotIfElse" name="Demo" time="0.038"/>
</testsuite> <!-- assertions.WhyNotIfElse -->
