<?xml version="1.0" encoding="UTF-8"?>
<!-- Generated by org.testng.reporters.JUnitReportReporter -->
<testsuite hostname="PAPA" failures="0" tests="1" name="seleniumgrid.PraticeTest" time="27.744" errors="0" timestamp="2023-08-15T09:29:02 IST" skipped="0">
  <testcase classname="seleniumgrid.PraticeTest" name="googleTest" time="27.744"/>
</testsuite> <!-- seleniumgrid.PraticeTest -->
