<?xml version="1.0" encoding="UTF-8"?>
<!-- Generated by org.testng.reporters.JUnitReportReporter -->
<testsuite hostname="PAPA" failures="0" tests="1" name="vtigerFinalScripts.CreateOrganizationTest" time="44.319" errors="0" timestamp="2023-08-25T21:33:53 IST" skipped="0">
  <testcase classname="vtigerFinalScripts.CreateOrganizationTest" name="createOrg" time="44.319"/>
</testsuite> <!-- vtigerFinalScripts.CreateOrganizationTest -->
