<?xml version="1.0" encoding="UTF-8"?>
<!-- Generated by org.testng.reporters.JUnitReportReporter -->
<testsuite hostname="PAPA" failures="0" tests="1" name="testNG.SampleTest" time="0.021" errors="0" timestamp="2023-08-07T09:05:55 IST" skipped="0">
  <testcase classname="testNG.SampleTest" name="demo" time="0.021">
    <system-out>
      <![CDATA[Hello World!]]>
    </system-out>
  </testcase> <!-- demo -->
  <system-out>
    <![CDATA[Hello World!]]>
  </system-out>
</testsuite> <!-- testNG.SampleTest -->
