<?xml version="1.0" encoding="UTF-8"?>
<!-- Generated by org.testng.reporters.JUnitReportReporter -->
<testsuite hostname="PAPA" failures="0" tests="2" name="groupexecution.Test3" time="0.008" errors="0" timestamp="2023-08-18T08:57:35 IST" skipped="0">
  <testcase classname="groupexecution.Test3" name="demo3" time="0.004"/>
  <testcase classname="groupexecution.Test3" name="demo2" time="0.004"/>
</testsuite> <!-- groupexecution.Test3 -->
