<?xml version="1.0" encoding="UTF-8"?>
<!-- Generated by org.testng.reporters.JUnitReportReporter -->
<testsuite hostname="PAPA" failures="0" tests="1" name="annotations.TestClass" time="0.035" errors="0" timestamp="2023-08-10T08:59:37 IST" skipped="0">
  <testcase classname="annotations.TestClass" name="test" time="0.035"/>
</testsuite> <!-- annotations.TestClass -->
