<?xml version="1.0" encoding="UTF-8"?>
<!-- Generated by org.testng.reporters.JUnitReportReporter -->
<testsuite hostname="PAPA" failures="0" tests="2" name="batchexecution.Test6" time="0.022" errors="0" timestamp="2023-08-11T09:50:40 IST" skipped="0">
  <testcase classname="batchexecution.Test6" name="demo1" time="0.018"/>
  <testcase classname="batchexecution.Test6" name="demo2" time="0.004"/>
</testsuite> <!-- batchexecution.Test6 -->
