<?xml version="1.0" encoding="UTF-8"?>
<!-- Generated by org.testng.reporters.JUnitReportReporter -->
<testsuite hostname="PAPA" failures="0" tests="1" name="testNG.XMLParameterization" time="8.507" errors="0" timestamp="2023-08-11T09:48:51 IST" skipped="0">
  <testcase classname="testNG.XMLParameterization" name="vtigerLoginTest" time="8.507"/>
</testsuite> <!-- testNG.XMLParameterization -->
