<?xml version="1.0" encoding="UTF-8"?>
<!-- Generated by org.testng.reporters.JUnitReportReporter -->
<testsuite hostname="PAPA" failures="0" tests="1" name="groupexecution.Test2" time="0.002" errors="0" timestamp="2023-08-18T08:57:35 IST" skipped="0">
  <testcase classname="groupexecution.Test2" name="demo2" time="0.002"/>
</testsuite> <!-- groupexecution.Test2 -->
