<?xml version="1.0" encoding="UTF-8"?>
<!-- Generated by org.testng.reporters.JUnitReportReporter -->
<testsuite hostname="PAPA" failures="0" tests="2" name="listenersTestng.TestClass" time="0.024" errors="0" timestamp="2023-08-17T08:57:38 IST" skipped="0">
  <testcase classname="listenersTestng.TestClass" name="testMethod2" time="0.007"/>
  <testcase classname="listenersTestng.TestClass" name="testMethod1" time="0.017"/>
</testsuite> <!-- listenersTestng.TestClass -->
