<?xml version="1.0" encoding="UTF-8"?>
<!-- Generated by org.testng.reporters.JUnitReportReporter -->
<testsuite hostname="PAPA" failures="0" tests="2" name="batchexecution.Test4" time="0.024" errors="0" timestamp="2023-08-11T09:50:40 IST" skipped="0">
  <testcase classname="batchexecution.Test4" name="demo1" time="0.018"/>
  <testcase classname="batchexecution.Test4" name="demo2" time="0.006"/>
</testsuite> <!-- batchexecution.Test4 -->
