<?xml version="1.0" encoding="UTF-8"?>
<!-- Generated by org.testng.reporters.JUnitReportReporter -->
<testsuite hostname="PAPA" failures="0" tests="1" name="vtigerFinalScripts.CreateContactWithOrgTest" time="38.542" errors="0" timestamp="2023-08-24T09:08:50 IST" skipped="0">
  <testcase classname="vtigerFinalScripts.CreateContactWithOrgTest" name="createContactWithOrgTest" time="38.542"/>
</testsuite> <!-- vtigerFinalScripts.CreateContactWithOrgTest -->
