<?xml version="1.0" encoding="UTF-8"?>
<!-- Generated by org.testng.reporters.JUnitReportReporter -->
<testsuite hostname="PAPA" failures="0" tests="1" name="vtigerFinalScripts.DeleteLeadTest" time="20.876" errors="0" timestamp="2023-08-25T21:30:51 IST" skipped="0">
  <testcase classname="vtigerFinalScripts.DeleteLeadTest" name="deleteLeadTest" time="20.876"/>
</testsuite> <!-- vtigerFinalScripts.DeleteLeadTest -->
