<?xml version="1.0" encoding="UTF-8"?>
<!-- Generated by org.testng.reporters.JUnitReportReporter -->
<testsuite hostname="PAPA" failures="0" tests="2" name="crossbrowserparallel.SwiggyTest" time="21.611" errors="0" timestamp="2023-08-11T09:20:35 IST" skipped="0">
  <testcase classname="crossbrowserparallel.SwiggyTest" name="swiggyTest" time="11.178"/>
  <testcase classname="crossbrowserparallel.SwiggyTest" name="swiggyTest" time="10.433"/>
</testsuite> <!-- crossbrowserparallel.SwiggyTest -->
