<?xml version="1.0" encoding="UTF-8"?>
<!-- Generated by org.testng.reporters.JUnitReportReporter -->
<testsuite hostname="PAPA" failures="0" tests="2" name="crossbrowserparallel.GoogleTest" time="12.283" errors="0" timestamp="2023-08-11T09:20:35 IST" skipped="0">
  <testcase classname="crossbrowserparallel.GoogleTest" name="googleTest" time="6.919"/>
  <testcase classname="crossbrowserparallel.GoogleTest" name="googleTest" time="5.364"/>
</testsuite> <!-- crossbrowserparallel.GoogleTest -->
